<?xml version="1.0" encoding="UTF-8"?>
<testng-results ignored="0" total="7" passed="7" failed="0" skipped="0">
  <reporter-output>
  </reporter-output>
  <suite started-at="2026-03-04T10:53:01 IST" name="MasterSuite" finished-at="2026-03-04T10:54:06 IST" duration-ms="64981">
    <groups>
      <group name="Master">
        <method signature="TC001_AccountRegistrationTest.verify_account_registration()[pri:0, instance:testCases.TC001_AccountRegistrationTest@db57326]" name="verify_account_registration" class="testCases.TC001_AccountRegistrationTest"/>
        <method signature="TC002_LoginTest.verify_login()[pri:0, instance:testCases.TC002_LoginTest@18a136ac]" name="verify_login" class="testCases.TC002_LoginTest"/>
      </group> <!-- Master -->
      <group name="Sanity">
        <method signature="TC002_LoginTest.verify_login()[pri:0, instance:testCases.TC002_LoginTest@18a136ac]" name="verify_login" class="testCases.TC002_LoginTest"/>
      </group> <!-- Sanity -->
      <group name="Regression">
        <method signature="TC001_AccountRegistrationTest.verify_account_registration()[pri:0, instance:testCases.TC001_AccountRegistrationTest@db57326]" name="verify_account_registration" class="testCases.TC001_AccountRegistrationTest"/>
      </group> <!-- Regression -->
      <group name="Datadriven">
        <method signature="TC003_LoginDDT.verify_loginDDT(java.lang.String,java.lang.String,java.lang.String)[pri:0, instance:testCases.TC003_LoginDDT@77d67cf3]" name="verify_loginDDT" class="testCases.TC003_LoginDDT"/>
      </group> <!-- Datadriven -->
    </groups>
    <test started-at="2026-03-04T10:53:01 IST" name="Test" finished-at="2026-03-04T10:54:06 IST" duration-ms="64981">
      <class name="testCases.TC002_LoginTest">
        <test-method is-config="true" signature="setup(java.lang.String,java.lang.String)[pri:0, instance:testCases.TC002_LoginTest@18a136ac]" started-at="2026-03-04T10:53:08 IST" name="setup" finished-at="2026-03-04T10:53:10 IST" duration-ms="1801" status="PASS">
          <params>
            <param index="0">
              <value>
                <![CDATA[windows]]>
              </value>
            </param>
            <param index="1">
              <value>
                <![CDATA[chrome]]>
              </value>
            </param>
          </params>
          <reporter-output>
          </reporter-output>
        </test-method> <!-- setup -->
        <test-method signature="verify_login()[pri:0, instance:testCases.TC002_LoginTest@18a136ac]" started-at="2026-03-04T10:53:10 IST" name="verify_login" finished-at="2026-03-04T10:53:12 IST" duration-ms="1908" status="PASS">
          <reporter-output>
          </reporter-output>
        </test-method> <!-- verify_login -->
        <test-method is-config="true" signature="tearDown()[pri:0, instance:testCases.TC002_LoginTest@18a136ac]" started-at="2026-03-04T10:53:12 IST" name="tearDown" finished-at="2026-03-04T10:53:12 IST" duration-ms="232" status="PASS">
          <reporter-output>
          </reporter-output>
        </test-method> <!-- tearDown -->
      </class> <!-- testCases.TC002_LoginTest -->
      <class name="testCases.TC003_LoginDDT">
        <test-method is-config="true" signature="setup(java.lang.String,java.lang.String)[pri:0, instance:testCases.TC003_LoginDDT@77d67cf3]" started-at="2026-03-04T10:53:12 IST" name="setup" finished-at="2026-03-04T10:53:15 IST" duration-ms="3268" status="PASS">
          <params>
            <param index="0">
              <value>
                <![CDATA[windows]]>
              </value>
            </param>
            <param index="1">
              <value>
                <![CDATA[chrome]]>
              </value>
            </param>
          </params>
          <reporter-output>
          </reporter-output>
        </test-method> <!-- setup -->
        <test-method signature="verify_loginDDT(java.lang.String,java.lang.String,java.lang.String)[pri:0, instance:testCases.TC003_LoginDDT@77d67cf3]" started-at="2026-03-04T10:53:18 IST" name="verify_loginDDT" data-provider="LoginData" finished-at="2026-03-04T10:53:20 IST" duration-ms="2469" status="PASS">
          <params>
            <param index="0">
              <value>
                <![CDATA[qa001@gmail.com]]>
              </value>
            </param>
            <param index="1">
              <value>
                <![CDATA[Qa@12345]]>
              </value>
            </param>
            <param index="2">
              <value>
                <![CDATA[valid]]>
              </value>
            </param>
          </params>
          <reporter-output>
          </reporter-output>
        </test-method> <!-- verify_loginDDT -->
        <test-method signature="verify_loginDDT(java.lang.String,java.lang.String,java.lang.String)[pri:0, instance:testCases.TC003_LoginDDT@77d67cf3]" started-at="2026-03-04T10:53:20 IST" name="verify_loginDDT" data-provider="LoginData" finished-at="2026-03-04T10:53:32 IST" duration-ms="11485" status="PASS">
          <params>
            <param index="0">
              <value>
                <![CDATA[qa002@gmail.com]]>
              </value>
            </param>
            <param index="1">
              <value>
                <![CDATA[Qa@12345]]>
              </value>
            </param>
            <param index="2">
              <value>
                <![CDATA[invalid]]>
              </value>
            </param>
          </params>
          <reporter-output>
          </reporter-output>
        </test-method> <!-- verify_loginDDT -->
        <test-method signature="verify_loginDDT(java.lang.String,java.lang.String,java.lang.String)[pri:0, instance:testCases.TC003_LoginDDT@77d67cf3]" started-at="2026-03-04T10:53:32 IST" name="verify_loginDDT" data-provider="LoginData" finished-at="2026-03-04T10:53:43 IST" duration-ms="10868" status="PASS">
          <params>
            <param index="0">
              <value>
                <![CDATA[qa001@gmail.com]]>
              </value>
            </param>
            <param index="1">
              <value>
                <![CDATA[QA@12345]]>
              </value>
            </param>
            <param index="2">
              <value>
                <![CDATA[invalid]]>
              </value>
            </param>
          </params>
          <reporter-output>
          </reporter-output>
        </test-method> <!-- verify_loginDDT -->
        <test-method signature="verify_loginDDT(java.lang.String,java.lang.String,java.lang.String)[pri:0, instance:testCases.TC003_LoginDDT@77d67cf3]" started-at="2026-03-04T10:53:43 IST" name="verify_loginDDT" data-provider="LoginData" finished-at="2026-03-04T10:53:54 IST" duration-ms="11427" status="PASS">
          <params>
            <param index="0">
              <value>
                <![CDATA[qa002@gmail.com]]>
              </value>
            </param>
            <param index="1">
              <value>
                <![CDATA[QA@12345]]>
              </value>
            </param>
            <param index="2">
              <value>
                <![CDATA[invalid]]>
              </value>
            </param>
          </params>
          <reporter-output>
          </reporter-output>
        </test-method> <!-- verify_loginDDT -->
        <test-method signature="verify_loginDDT(java.lang.String,java.lang.String,java.lang.String)[pri:0, instance:testCases.TC003_LoginDDT@77d67cf3]" started-at="2026-03-04T10:53:54 IST" name="verify_loginDDT" data-provider="LoginData" finished-at="2026-03-04T10:54:05 IST" duration-ms="10961" status="PASS">
          <params>
            <param index="0">
              <value>
                <![CDATA[john@gmail.com]]>
              </value>
            </param>
            <param index="1">
              <value>
                <![CDATA[Qa@12345]]>
              </value>
            </param>
            <param index="2">
              <value>
                <![CDATA[invalid]]>
              </value>
            </param>
          </params>
          <reporter-output>
          </reporter-output>
        </test-method> <!-- verify_loginDDT -->
        <test-method is-config="true" signature="tearDown()[pri:0, instance:testCases.TC003_LoginDDT@77d67cf3]" started-at="2026-03-04T10:54:05 IST" name="tearDown" finished-at="2026-03-04T10:54:06 IST" duration-ms="739" status="PASS">
          <reporter-output>
          </reporter-output>
        </test-method> <!-- tearDown -->
      </class> <!-- testCases.TC003_LoginDDT -->
      <class name="testCases.TC001_AccountRegistrationTest">
        <test-method is-config="true" signature="setup(java.lang.String,java.lang.String)[pri:0, instance:testCases.TC001_AccountRegistrationTest@db57326]" started-at="2026-03-04T10:53:01 IST" name="setup" finished-at="2026-03-04T10:53:04 IST" duration-ms="2985" status="PASS">
          <params>
            <param index="0">
              <value>
                <![CDATA[windows]]>
              </value>
            </param>
            <param index="1">
              <value>
                <![CDATA[chrome]]>
              </value>
            </param>
          </params>
          <reporter-output>
          </reporter-output>
        </test-method> <!-- setup -->
        <test-method signature="verify_account_registration()[pri:0, instance:testCases.TC001_AccountRegistrationTest@db57326]" started-at="2026-03-04T10:53:04 IST" name="verify_account_registration" finished-at="2026-03-04T10:53:07 IST" duration-ms="3143" status="PASS">
          <reporter-output>
          </reporter-output>
        </test-method> <!-- verify_account_registration -->
        <test-method is-config="true" signature="tearDown()[pri:0, instance:testCases.TC001_AccountRegistrationTest@db57326]" started-at="2026-03-04T10:53:07 IST" name="tearDown" finished-at="2026-03-04T10:53:08 IST" duration-ms="448" status="PASS">
          <reporter-output>
          </reporter-output>
        </test-method> <!-- tearDown -->
      </class> <!-- testCases.TC001_AccountRegistrationTest -->
    </test> <!-- Test -->
  </suite> <!-- MasterSuite -->
</testng-results>
