<?xml version="1.0" encoding="UTF-8"?>
<!-- Generated by org.testng.reporters.JUnitReportReporter -->
<testsuite hostname="DESKTOP-I3RSF9F" failures="0" tests="5" name="testCases.TC003_LoginDDT" time="47.210" errors="0" timestamp="2026-03-04T10:54:09 IST" skipped="0">
  <testcase classname="testCases.TC003_LoginDDT" name="verify_loginDDT" time="11.427"/>
  <testcase classname="testCases.TC003_LoginDDT" name="verify_loginDDT" time="11.485"/>
  <testcase classname="testCases.TC003_LoginDDT" name="verify_loginDDT" time="2.469"/>
  <testcase classname="testCases.TC003_LoginDDT" name="verify_loginDDT" time="10.961"/>
  <testcase classname="testCases.TC003_LoginDDT" name="verify_loginDDT" time="10.868"/>
</testsuite> <!-- testCases.TC003_LoginDDT -->
