<?xml version="1.0" encoding="UTF-8"?>
<!-- Generated by org.testng.reporters.JUnitXMLReporter -->
<testsuite ignored="0" hostname="DESKTOP-I3RSF9F" failures="0" tests="7" name="Test" time="64.981" errors="0" timestamp="2026-03-04T10:54:08 IST">
  <testcase classname="testCases.TC001_AccountRegistrationTest" name="verify_account_registration" time="3.143"/>
  <testcase classname="testCases.TC002_LoginTest" name="verify_login" time="1.908"/>
  <testcase classname="testCases.TC003_LoginDDT" name="verify_loginDDT" time="2.469"/>
  <testcase classname="testCases.TC003_LoginDDT" name="verify_loginDDT" time="11.485"/>
  <testcase classname="testCases.TC003_LoginDDT" name="verify_loginDDT" time="10.868"/>
  <testcase classname="testCases.TC003_LoginDDT" name="verify_loginDDT" time="11.427"/>
  <testcase classname="testCases.TC003_LoginDDT" name="verify_loginDDT" time="10.961"/>
</testsuite> <!-- Test -->
